# JRE version: 7.0_05-b06
# Java VM: Java HotSpot(TM) 64-Bit Server VM (23.1-b03 mixed mode bsd-amd64 compressed oops)
Heap
 PSYoungGen      total 142080K, used 142064K [0x00000007eaab0000, 0x00000007fc030000, 0x0000000800000000)
  eden space 131200K, 100% used [0x00000007eaab0000,0x00000007f2ad0000,0x00000007f2ad0000)
  from space 10880K, 99% used [0x00000007f2ad0000,0x00000007f356c3d0,0x00000007f3570000)
  to   space 10880K, 86% used [0x00000007fb590000,0x00000007fbec03e0,0x00000007fc030000)
 ParOldGen       total 174784K, used 4129K [0x00000007c0000000, 0x00000007caab0000, 0x00000007eaab0000)
  object space 174784K, 2% used [0x00000007c0000000,0x00000007c04084a0,0x00000007caab0000)
 PSPermGen       total 21248K, used 17425K [0x00000007b8000000, 0x00000007b94c0000, 0x00000007c0000000)
  object space 21248K, 82% used [0x00000007b8000000,0x00000007b91044d0,0x00000007b94c0000)
GC Heap History (7 events):
Event: 1.256 GC heap before
{Heap before GC invocations=1 (full 0):
 PSYoungGen      total 76480K, used 65600K [0x00000007eaab0000, 0x00000007f0000000, 0x0000000800000000)
  eden space 65600K, 100% used [0x00000007eaab0000,0x00000007eeac0000,0x00000007eeac0000)
  from space 10880K, 0% used [0x00000007ef560000,0x00000007ef560000,0x00000007f0000000)
  to   space 10880K, 0% used [0x00000007eeac0000,0x00000007eeac0000,0x00000007ef560000)
 ParOldGen       total 174784K, used 0K [0x00000007c0000000, 0x00000007caab0000, 0x00000007eaab0000)
  object space 174784K, 0% used [0x00000007c0000000,0x00000007c0000000,0x00000007caab0000)
 PSPermGen       total 21248K, used 11633K [0x00000007b8000000, 0x00000007b94c0000, 0x00000007c0000000)
  object space 21248K, 54% used [0x00000007b8000000,0x00000007b8b5c788,0x00000007b94c0000)
Event: 1.285 GC heap after
Heap after GC invocations=1 (full 0):
 PSYoungGen      total 76480K, used 9376K [0x00000007eaab0000, 0x00000007f4010000, 0x0000000800000000)
  eden space 65600K, 0% used [0x00000007eaab0000,0x00000007eaab0000,0x00000007eeac0000)
  from space 10880K, 86% used [0x00000007eeac0000,0x00000007ef3e80f8,0x00000007ef560000)
  to   space 10880K, 0% used [0x00000007f3570000,0x00000007f3570000,0x00000007f4010000)
 ParOldGen       total 174784K, used 8K [0x00000007c0000000, 0x00000007caab0000, 0x00000007eaab0000)
  object space 174784K, 0% used [0x00000007c0000000,0x00000007c0002000,0x00000007caab0000)
 PSPermGen       total 21248K, used 11633K [0x00000007b8000000, 0x00000007b94c0000, 0x00000007c0000000)
  object space 21248K, 54% used [0x00000007b8000000,0x00000007b8b5c788,0x00000007b94c0000)
}
Event: 2.202 GC heap before
{Heap before GC invocations=2 (full 0):
 PSYoungGen      total 76480K, used 74976K [0x00000007eaab0000, 0x00000007f4010000, 0x0000000800000000)
  eden space 65600K, 100% used [0x00000007eaab0000,0x00000007eeac0000,0x00000007eeac0000)
  from space 10880K, 86% used [0x00000007eeac0000,0x00000007ef3e80f8,0x00000007ef560000)
  to   space 10880K, 0% used [0x00000007f3570000,0x00000007f3570000,0x00000007f4010000)
 ParOldGen       total 174784K, used 8K [0x00000007c0000000, 0x00000007caab0000, 0x00000007eaab0000)
  object space 174784K, 0% used [0x00000007c0000000,0x00000007c0002000,0x00000007caab0000)
 PSPermGen       total 21248K, used 12779K [0x00000007b8000000, 0x00000007b94c0000, 0x00000007c0000000)
  object space 21248K, 60% used [0x00000007b8000000,0x00000007b8c7ace0,0x00000007b94c0000)
Event: 2.211 GC heap after
Heap after GC invocations=2 (full 0):
 PSYoungGen      total 142080K, used 6823K [0x00000007eaab0000, 0x00000007f4010000, 0x0000000800000000)
  eden space 131200K, 0% used [0x00000007eaab0000,0x00000007eaab0000,0x00000007f2ad0000)
  from space 10880K, 62% used [0x00000007f3570000,0x00000007f3c19d88,0x00000007f4010000)
  to   space 10880K, 0% used [0x00000007f2ad0000,0x00000007f2ad0000,0x00000007f3570000)
 ParOldGen       total 174784K, used 16K [0x00000007c0000000, 0x00000007caab0000, 0x00000007eaab0000)
  object space 174784K, 0% used [0x00000007c0000000,0x00000007c0004000,0x00000007caab0000)
 PSPermGen       total 21248K, used 12779K [0x00000007b8000000, 0x00000007b94c0000, 0x00000007c0000000)
  object space 21248K, 60% used [0x00000007b8000000,0x00000007b8c7ace0,0x00000007b94c0000)
}
Event: 5.564 GC heap before
{Heap before GC invocations=3 (full 0):
 PSYoungGen      total 142080K, used 138023K [0x00000007eaab0000, 0x00000007f4010000, 0x0000000800000000)
  eden space 131200K, 100% used [0x00000007eaab0000,0x00000007f2ad0000,0x00000007f2ad0000)
  from space 10880K, 62% used [0x00000007f3570000,0x00000007f3c19d88,0x00000007f4010000)
  to   space 10880K, 0% used [0x00000007f2ad0000,0x00000007f2ad0000,0x00000007f3570000)
 ParOldGen       total 174784K, used 16K [0x00000007c0000000, 0x00000007caab0000, 0x00000007eaab0000)
  object space 174784K, 0% used [0x00000007c0000000,0x00000007c0004000,0x00000007caab0000)
 PSPermGen       total 21248K, used 17302K [0x00000007b8000000, 0x00000007b94c0000, 0x00000007c0000000)
  object space 21248K, 81% used [0x00000007b8000000,0x00000007b90e5950,0x00000007b94c0000)
Event: 5.582 GC heap after
Heap after GC invocations=3 (full 0):
 PSYoungGen      total 142080K, used 10864K [0x00000007eaab0000, 0x00000007fc030000, 0x0000000800000000)
  eden space 131200K, 0% used [0x00000007eaab0000,0x00000007eaab0000,0x00000007f2ad0000)
  from space 10880K, 99% used [0x00000007f2ad0000,0x00000007f356c3d0,0x00000007f3570000)
  to   space 10880K, 0% used [0x00000007fb590000,0x00000007fb590000,0x00000007fc030000)
 ParOldGen       total 174784K, used 4129K [0x00000007c0000000, 0x00000007caab0000, 0x00000007eaab0000)
  object space 174784K, 2% used [0x00000007c0000000,0x00000007c04084a0,0x00000007caab0000)
 PSPermGen       total 21248K, used 17302K [0x00000007b8000000, 0x00000007b94c0000, 0x00000007c0000000)
  object space 21248K, 81% used [0x00000007b8000000,0x00000007b90e5950,0x00000007b94c0000)
}
Event: 7.666 GC heap before
{Heap before GC invocations=4 (full 0):
 PSYoungGen      total 142080K, used 142064K [0x00000007eaab0000, 0x00000007fc030000, 0x0000000800000000)
  eden space 131200K, 100% used [0x00000007eaab0000,0x00000007f2ad0000,0x00000007f2ad0000)
  from space 10880K, 99% used [0x00000007f2ad0000,0x00000007f356c3d0,0x00000007f3570000)
  to   space 10880K, 0% used [0x00000007fb590000,0x00000007fb590000,0x00000007fc030000)
 ParOldGen       total 174784K, used 4129K [0x00000007c0000000, 0x00000007caab0000, 0x00000007eaab0000)
  object space 174784K, 2% used [0x00000007c0000000,0x00000007c04084a0,0x00000007caab0000)
 PSPermGen       total 21248K, used 17425K [0x00000007b8000000, 0x00000007b94c0000, 0x00000007c0000000)
  object space 21248K, 82% used [0x00000007b8000000,0x00000007b91044d0,0x00000007b94c0000)

